Running: E:\ISE\14.7\ISE_DS\ISE\bin\nt64\unwrapped\fuse.exe -intstyle ise -incremental -lib unisims_ver -lib unimacro_ver -lib xilinxcorelib_ver -o F:/program/Verilog/VerilogHDLexp/full_add/stimulus_isim_beh.exe -prj F:/program/Verilog/VerilogHDLexp/full_add/stimulus_beh.prj work.stimulus work.glbl 
ISim P.20131013 (signature 0x7708f090)
Number of CPUs detected in this system: 4
Turning on mult-threading, number of parallel sub-compilation jobs: 8 
Determining compilation order of HDL files
Analyzing Verilog file "F:/program/Verilog/VerilogHDLexp/full_add/fulladd.v" into library work
Analyzing Verilog file "F:/program/Verilog/VerilogHDLexp/full_add/fulladd4.v" into library work
Analyzing Verilog file "F:/program/Verilog/VerilogHDLexp/full_add/stimulus.v" into library work
Analyzing Verilog file "E:/ISE/14.7/ISE_DS/ISE//verilog/src/glbl.v" into library work
Starting static elaboration
Completed static elaboration
Compiling module fulladd
Compiling module fulladd4
Compiling module stimulus
Compiling module glbl
Time Resolution for simulation is 1ps.
Compiled 4 Verilog Units
Built simulation executable F:/program/Verilog/VerilogHDLexp/full_add/stimulus_isim_beh.exe
Fuse Memory Usage: 28756 KB
Fuse CPU Usage: 1216 ms
