Release 14.7 - xst P.20131013 (nt64)
Copyright (c) 1995-2013 Xilinx, Inc.  All rights reserved.
--> Parameter TMPDIR set to xst/projnav.tmp


Total REAL time to Xst completion: 0.00 secs
Total CPU time to Xst completion: 0.32 secs
 
--> Parameter xsthdpdir set to xst


Total REAL time to Xst completion: 0.00 secs
Total CPU time to Xst completion: 0.32 secs
 
--> Reading design: counter.prj

TABLE OF CONTENTS
  1) Synthesis Options Summary
  2) HDL Compilation
  3) Design Hierarchy Analysis
  4) HDL Analysis
  5) HDL Synthesis
     5.1) HDL Synthesis Report
  6) Advanced HDL Synthesis
     6.1) Advanced HDL Synthesis Report
  7) Low Level Synthesis
  8) Partition Report
  9) Final Report
	9.1) Device utilization summary
	9.2) Partition Resource Summary
	9.3) TIMING REPORT


=========================================================================
*                      Synthesis Options Summary                        *
=========================================================================
---- Source Parameters
Input File Name                    : "counter.prj"
Input Format                       : mixed
Ignore Synthesis Constraint File   : NO

---- Target Parameters
Output File Name                   : "counter"
Output Format                      : NGC
Target Device                      : xc3s100e-5-tq144

---- Source Options
Top Module Name                    : counter
Automatic FSM Extraction           : YES
FSM Encoding Algorithm             : Auto
Safe Implementation                : No
FSM Style                          : LUT
RAM Extraction                     : Yes
RAM Style                          : Auto
ROM Extraction                     : Yes
Mux Style                          : Auto
Decoder Extraction                 : YES
Priority Encoder Extraction        : Yes
Shift Register Extraction          : YES
Logical Shifter Extraction         : YES
XOR Collapsing                     : YES
ROM Style                          : Auto
Mux Extraction                     : Yes
Resource Sharing                   : YES
Asynchronous To Synchronous        : NO
Multiplier Style                   : Auto
Automatic Register Balancing       : No

---- Target Options
Add IO Buffers                     : YES
Global Maximum Fanout              : 500
Add Generic Clock Buffer(BUFG)     : 24
Register Duplication               : YES
Slice Packing                      : YES
Optimize Instantiated Primitives   : NO
Use Clock Enable                   : Yes
Use Synchronous Set                : Yes
Use Synchronous Reset              : Yes
Pack IO Registers into IOBs        : Auto
Equivalent register Removal        : YES

---- General Options
Optimization Goal                  : Speed
Optimization Effort                : 1
Keep Hierarchy                     : No
Netlist Hierarchy                  : As_Optimized
RTL Output                         : Yes
Global Optimization                : AllClockNets
Read Cores                         : YES
Write Timing Constraints           : NO
Cross Clock Analysis               : NO
Hierarchy Separator                : /
Bus Delimiter                      : <>
Case Specifier                     : Maintain
Slice Utilization Ratio            : 100
BRAM Utilization Ratio             : 100
Verilog 2001                       : YES
Auto BRAM Packing                  : NO
Slice Utilization Ratio Delta      : 5

=========================================================================


=========================================================================
*                          HDL Compilation                              *
=========================================================================
Compiling verilog file "edge_dff.v" in library work
Compiling verilog file "T_FF.v" in library work
Module <edge_dff> compiled
Compiling verilog file "counter.v" in library work
Module <T_FF> compiled
Module <counter> compiled
No errors in compilation
Analysis of file <"counter.prj"> succeeded.
 

=========================================================================
*                     Design Hierarchy Analysis                         *
=========================================================================
Analyzing hierarchy for module <counter> in library <work>.

Analyzing hierarchy for module <T_FF> in library <work>.

Analyzing hierarchy for module <edge_dff> in library <work>.


=========================================================================
*                            HDL Analysis                               *
=========================================================================
Analyzing top module <counter>.
Module <counter> is correct for synthesis.
 
Analyzing module <T_FF> in library <work>.
Module <T_FF> is correct for synthesis.
 
Analyzing module <edge_dff> in library <work>.
Module <edge_dff> is correct for synthesis.
 

=========================================================================
*                           HDL Synthesis                               *
=========================================================================

Performing bidirectional port resolution...

Synthesizing Unit <edge_dff>.
    Related source file is "edge_dff.v".
Unit <edge_dff> synthesized.


Synthesizing Unit <T_FF>.
    Related source file is "T_FF.v".
Unit <T_FF> synthesized.


Synthesizing Unit <counter>.
    Related source file is "counter.v".
Unit <counter> synthesized.


=========================================================================
HDL Synthesis Report

Found no macro
=========================================================================

=========================================================================
*                       Advanced HDL Synthesis                          *
=========================================================================


=========================================================================
Advanced HDL Synthesis Report

Found no macro
=========================================================================

=========================================================================
*                         Low Level Synthesis                           *
=========================================================================
WARNING:Xst:2170 - Unit counter : the following signal(s) form a combinatorial loop: tff3/ff1/r_and0000, tff3/ff1/s_and0000, Q<3>, tff3/ff1/q_and0000, tff3/ff1/rbar_and0000.
WARNING:Xst:2170 - Unit counter : the following signal(s) form a combinatorial loop: tff2/ff1/rbar_and0000, tff2/ff1/r_and0000, tff2/ff1/q_and0000, tff2/ff1/s_and0000, Q<2>.
WARNING:Xst:2170 - Unit counter : the following signal(s) form a combinatorial loop: tff1/ff1/s_and0000, tff1/ff1/r_and0000, Q<1>, tff1/ff1/q_and0000, tff1/ff1/rbar_and0000.
WARNING:Xst:2170 - Unit counter : the following signal(s) form a combinatorial loop: tff0/ff1/rbar_and0000, tff0/ff1/q_and0000, tff0/ff1/s_and0000, tff0/ff1/r_and0000, Q<0>.
WARNING:Xst:2170 - Unit counter : the following signal(s) form a combinatorial loop: tff0/ff1/q_and0000.
WARNING:Xst:2170 - Unit counter : the following signal(s) form a combinatorial loop: tff1/ff1/s_and0000.
WARNING:Xst:2170 - Unit counter : the following signal(s) form a combinatorial loop: tff2/ff1/q_and0000.
WARNING:Xst:2170 - Unit counter : the following signal(s) form a combinatorial loop: tff0/ff1/s_and0000.
WARNING:Xst:2170 - Unit counter : the following signal(s) form a combinatorial loop: tff3/ff1/s_and0000.
WARNING:Xst:2170 - Unit counter : the following signal(s) form a combinatorial loop: tff2/ff1/s_and0000.
WARNING:Xst:2170 - Unit counter : the following signal(s) form a combinatorial loop: tff3/ff1/q_and0000.
WARNING:Xst:2170 - Unit counter : the following signal(s) form a combinatorial loop: tff1/ff1/q_and0000.

Optimizing unit <counter> ...

Mapping all equations...
Building and optimizing final netlist ...
Found area constraint ratio of 100 (+ 5) on block counter, actual ratio is 1.

Final Macro Processing ...

=========================================================================
Final Register Report

Found no macro
=========================================================================

=========================================================================
*                           Partition Report                            *
=========================================================================

Partition Implementation Status
-------------------------------

  No Partitions were found in this design.

-------------------------------

=========================================================================
*                            Final Report                               *
=========================================================================
Final Results
RTL Top Level Output File Name     : counter.ngr
Top Level Output File Name         : counter
Output Format                      : NGC
Optimization Goal                  : Speed
Keep Hierarchy                     : No

Design Statistics
# IOs                              : 6

Cell Usage :
# BELS                             : 20
#      INV                         : 4
#      LUT3                        : 8
#      LUT4                        : 8
# IO Buffers                       : 6
#      IBUF                        : 2
#      OBUF                        : 4
=========================================================================

Device utilization summary:
---------------------------

Selected Device : 3s100etq144-5 

 Number of Slices:                        9  out of    960     0%  
 Number of 4 input LUTs:                 20  out of   1920     1%  
 Number of IOs:                           6
 Number of bonded IOBs:                   6  out of    108     5%  

---------------------------
Partition Resource Summary:
---------------------------

  No Partitions were found in this design.

---------------------------


=========================================================================
TIMING REPORT

NOTE: THESE TIMING NUMBERS ARE ONLY A SYNTHESIS ESTIMATE.
      FOR ACCURATE TIMING INFORMATION PLEASE REFER TO THE TRACE REPORT
      GENERATED AFTER PLACE-and-ROUTE.

Clock Information:
------------------
No clock signals found in this design

Asynchronous Control Signals Information:
----------------------------------------
No asynchronous control signals found in this design

Timing Summary:
---------------
Speed Grade: -5

   Minimum period: No path found
   Minimum input arrival time before clock: No path found
   Maximum output required time after clock: No path found
   Maximum combinational path delay: 23.738ns

Timing Detail:
--------------
All values displayed in nanoseconds (ns)

=========================================================================
Timing constraint: Default path analysis
  Total number of paths / destination ports: 294 / 4
-------------------------------------------------------------------------
Delay:               23.738ns (Levels of Logic = 19)
  Source:            clock (PAD)
  Destination:       Q<3> (PAD)

  Data Path: clock to Q<3>
                                Gate     Net
    Cell:in->out      fanout   Delay   Delay  Logical Name (Net Name)
    ----------------------------------------  ------------
     IBUF:I->O             2   1.106   0.449  clock_IBUF (clock_IBUF)
     LUT3:I1->O            2   0.612   0.449  tff0/ff1/r_and00001 (tff0/ff1/r_and0000)
     LUT3:I1->O            2   0.612   0.410  tff0/ff1/rbar_and00001 (tff0/ff1/rbar_and0000)
     LUT4:I2->O            3   0.612   0.603  tff0/ff1/s_and00001 (tff0/ff1/s_and0000)
     LUT4:I0->O            5   0.612   0.690  tff0/ff1/q_and00001 (tff0/ff1/q_and0000)
     LUT3:I0->O            2   0.612   0.410  tff1/ff1/r_and00001 (tff1/ff1/r_and0000)
     LUT3:I2->O            2   0.612   0.410  tff1/ff1/rbar_and00001 (tff1/ff1/rbar_and0000)
     LUT4:I2->O            3   0.612   0.603  tff1/ff1/s_and00001 (tff1/ff1/s_and0000)
     LUT4:I0->O            5   0.612   0.690  tff1/ff1/q_and00001 (tff1/ff1/q_and0000)
     LUT3:I0->O            2   0.612   0.410  tff2/ff1/r_and00001 (tff2/ff1/r_and0000)
     LUT3:I2->O            2   0.612   0.410  tff2/ff1/rbar_and00001 (tff2/ff1/rbar_and0000)
     LUT4:I2->O            3   0.612   0.603  tff2/ff1/s_and00001 (tff2/ff1/s_and0000)
     LUT4:I0->O            5   0.612   0.690  tff2/ff1/q_and00001 (tff2/ff1/q_and0000)
     LUT3:I0->O            2   0.612   0.410  tff3/ff1/r_and00001 (tff3/ff1/r_and0000)
     LUT3:I2->O            2   0.612   0.410  tff3/ff1/rbar_and00001 (tff3/ff1/rbar_and0000)
     LUT4:I2->O            3   0.612   0.603  tff3/ff1/s_and00001 (tff3/ff1/s_and0000)
     LUT4:I0->O            3   0.612   0.451  tff3/ff1/q_and00001 (tff3/ff1/q_and0000)
     INV:I->O              1   0.612   0.357  tff3/ff1/q1_INV_0 (Q_3_OBUF)
     OBUF:I->O                 3.169          Q_3_OBUF (Q<3>)
    ----------------------------------------
    Total                     23.738ns (14.679ns logic, 9.059ns route)
                                       (61.8% logic, 38.2% route)

=========================================================================


Total REAL time to Xst completion: 9.00 secs
Total CPU time to Xst completion: 9.50 secs
 
--> 

Total memory usage is 258556 kilobytes

Number of errors   :    0 (   0 filtered)
Number of warnings :   12 (   0 filtered)
Number of infos    :    0 (   0 filtered)

